<?xml version="1.0" encoding="UTF-8"?>
<testsuite name="hello.core.CoreApplicationTests" tests="1" skipped="0" failures="0" errors="0" timestamp="2025-01-10T15:36:33" hostname="doseonghyeon-ui-MacBookPro.local" time="0.534">
  <properties/>
  <testcase name="contextLoads()" classname="hello.core.CoreApplicationTests" time="0.534"/>
  <system-out><![CDATA[00:36:32.989 [Test worker] INFO org.springframework.test.context.support.AnnotationConfigContextLoaderUtils -- Could not detect default configuration classes for test class [hello.core.CoreApplicationTests]: CoreApplicationTests does not declare any static, non-private, non-final, nested classes annotated with @Configuration.
00:36:33.039 [Test worker] INFO org.springframework.boot.test.context.SpringBootTestContextBootstrapper -- Found @SpringBootConfiguration hello.core.CoreApplication for test class hello.core.CoreApplicationTests

  .   ____          _            __ _ _
 /\\ / ___'_ __ _ _(_)_ __  __ _ \ \ \ \
( ( )\___ | '_ | '_| | '_ \/ _` | \ \ \ \
 \\/  ___)| |_)| | | | | || (_| |  ) ) ) )
  '  |____| .__|_| |_|_| |_\__, | / / / /
 =========|_|==============|___/=/_/_/_/

 :: Spring Boot ::                (v3.4.1)

2025-01-11T00:36:33.224+09:00  INFO 69461 --- [core] [    Test worker] hello.core.CoreApplicationTests          : Starting CoreApplicationTests using Java 17.0.10 with PID 69461 (started by dosunghyun in /Users/dosunghyun/Desktop/Spring02)
2025-01-11T00:36:33.225+09:00  INFO 69461 --- [core] [    Test worker] hello.core.CoreApplicationTests          : No active profile set, falling back to 1 default profile: "default"
2025-01-11T00:36:33.445+09:00  INFO 69461 --- [core] [    Test worker] hello.core.CoreApplicationTests          : Started CoreApplicationTests in 0.346 seconds (process running for 0.856)
]]></system-out>
  <system-err><![CDATA[]]></system-err>
</testsuite>
