<?xml version="1.0" encoding="UTF-8"?>
<testsuite name="hello.core.scan.filter.ComponentFilterAppConfigTest" tests="1" skipped="0" failures="0" errors="0" timestamp="2025-04-01T06:23:01" hostname="doseonghyeon-ui-MacBookPro.local" time="0.269">
  <properties/>
  <testcase name="filterScan()" classname="hello.core.scan.filter.ComponentFilterAppConfigTest" time="0.269"/>
  <system-out><![CDATA[]]></system-out>
  <system-err><![CDATA[]]></system-err>
</testsuite>
